0 info it worked if it ends with ok
1 verbose cli [ '/Users/deadlock/.nvm/v0.10.35/bin/node',
1 verbose cli   '/Users/deadlock/.nvm/v0.10.35/bin/npm',
1 verbose cli   'install' ]
2 info using npm@1.4.28
3 info using node@v0.10.35
4 verbose readDependencies using package.json deps
5 verbose install where, deps [ '/Users/deadlock/code/freelancing/unificationengine/unificationengine-client',
5 verbose install   [ 'eslint-config-xo-space',
5 verbose install     'babel-eslint',
5 verbose install     'eslint-plugin-babel',
5 verbose install     'gulp',
5 verbose install     'gulp-eslint',
5 verbose install     'gulp-exclude-gitignore',
5 verbose install     'gulp-istanbul',
5 verbose install     'gulp-mocha',
5 verbose install     'gulp-plumber',
5 verbose install     'gulp-nsp',
5 verbose install     'gulp-babel',
5 verbose install     'del',
5 verbose install     'babel-core',
5 verbose install     'isparta' ] ]
6 info preinstall unificationengine-client@0.0.0
7 verbose readDependencies using package.json deps
8 verbose cache add [ 'eslint-config-xo-space@^0.7.0', null ]
9 verbose cache add name=undefined spec="eslint-config-xo-space@^0.7.0" args=["eslint-config-xo-space@^0.7.0",null]
10 verbose parsed url { protocol: null,
10 verbose parsed url   slashes: null,
10 verbose parsed url   auth: null,
10 verbose parsed url   host: null,
10 verbose parsed url   port: null,
10 verbose parsed url   hostname: null,
10 verbose parsed url   hash: null,
10 verbose parsed url   search: null,
10 verbose parsed url   query: null,
10 verbose parsed url   pathname: 'eslint-config-xo-space@^0.7.0',
10 verbose parsed url   path: 'eslint-config-xo-space@^0.7.0',
10 verbose parsed url   href: 'eslint-config-xo-space@^0.7.0' }
11 verbose cache add [ 'babel-eslint@^4.1.6', null ]
12 verbose cache add name=undefined spec="babel-eslint@^4.1.6" args=["babel-eslint@^4.1.6",null]
13 verbose parsed url { protocol: null,
13 verbose parsed url   slashes: null,
13 verbose parsed url   auth: null,
13 verbose parsed url   host: null,
13 verbose parsed url   port: null,
13 verbose parsed url   hostname: null,
13 verbose parsed url   hash: null,
13 verbose parsed url   search: null,
13 verbose parsed url   query: null,
13 verbose parsed url   pathname: 'babel-eslint@^4.1.6',
13 verbose parsed url   path: 'babel-eslint@^4.1.6',
13 verbose parsed url   href: 'babel-eslint@^4.1.6' }
14 verbose cache add [ 'eslint-plugin-babel@^3.0.0', null ]
15 verbose cache add name=undefined spec="eslint-plugin-babel@^3.0.0" args=["eslint-plugin-babel@^3.0.0",null]
16 verbose parsed url { protocol: null,
16 verbose parsed url   slashes: null,
16 verbose parsed url   auth: null,
16 verbose parsed url   host: null,
16 verbose parsed url   port: null,
16 verbose parsed url   hostname: null,
16 verbose parsed url   hash: null,
16 verbose parsed url   search: null,
16 verbose parsed url   query: null,
16 verbose parsed url   pathname: 'eslint-plugin-babel@^3.0.0',
16 verbose parsed url   path: 'eslint-plugin-babel@^3.0.0',
16 verbose parsed url   href: 'eslint-plugin-babel@^3.0.0' }
17 verbose cache add [ 'gulp@^3.9.0', null ]
18 verbose cache add name=undefined spec="gulp@^3.9.0" args=["gulp@^3.9.0",null]
19 verbose parsed url { protocol: null,
19 verbose parsed url   slashes: null,
19 verbose parsed url   auth: null,
19 verbose parsed url   host: null,
19 verbose parsed url   port: null,
19 verbose parsed url   hostname: null,
19 verbose parsed url   hash: null,
19 verbose parsed url   search: null,
19 verbose parsed url   query: null,
19 verbose parsed url   pathname: 'gulp@^3.9.0',
19 verbose parsed url   path: 'gulp@^3.9.0',
19 verbose parsed url   href: 'gulp@^3.9.0' }
20 verbose cache add [ 'gulp-eslint@^1.0.0', null ]
21 verbose cache add name=undefined spec="gulp-eslint@^1.0.0" args=["gulp-eslint@^1.0.0",null]
22 verbose parsed url { protocol: null,
22 verbose parsed url   slashes: null,
22 verbose parsed url   auth: null,
22 verbose parsed url   host: null,
22 verbose parsed url   port: null,
22 verbose parsed url   hostname: null,
22 verbose parsed url   hash: null,
22 verbose parsed url   search: null,
22 verbose parsed url   query: null,
22 verbose parsed url   pathname: 'gulp-eslint@^1.0.0',
22 verbose parsed url   path: 'gulp-eslint@^1.0.0',
22 verbose parsed url   href: 'gulp-eslint@^1.0.0' }
23 verbose cache add name="eslint-config-xo-space" spec="^0.7.0" args=["eslint-config-xo-space","^0.7.0"]
24 verbose parsed url { protocol: null,
24 verbose parsed url   slashes: null,
24 verbose parsed url   auth: null,
24 verbose parsed url   host: null,
24 verbose parsed url   port: null,
24 verbose parsed url   hostname: null,
24 verbose parsed url   hash: null,
24 verbose parsed url   search: null,
24 verbose parsed url   query: null,
24 verbose parsed url   pathname: '^0.7.0',
24 verbose parsed url   path: '^0.7.0',
24 verbose parsed url   href: '^0.7.0' }
25 verbose addNamed [ 'eslint-config-xo-space', '^0.7.0' ]
26 verbose addNamed [ null, '>=0.7.0-0 <0.8.0-0' ]
27 verbose cache add name="babel-eslint" spec="^4.1.6" args=["babel-eslint","^4.1.6"]
28 verbose parsed url { protocol: null,
28 verbose parsed url   slashes: null,
28 verbose parsed url   auth: null,
28 verbose parsed url   host: null,
28 verbose parsed url   port: null,
28 verbose parsed url   hostname: null,
28 verbose parsed url   hash: null,
28 verbose parsed url   search: null,
28 verbose parsed url   query: null,
28 verbose parsed url   pathname: '^4.1.6',
28 verbose parsed url   path: '^4.1.6',
28 verbose parsed url   href: '^4.1.6' }
29 verbose addNamed [ 'babel-eslint', '^4.1.6' ]
30 verbose addNamed [ null, '>=4.1.6-0 <5.0.0-0' ]
31 verbose cache add name="eslint-plugin-babel" spec="^3.0.0" args=["eslint-plugin-babel","^3.0.0"]
32 verbose parsed url { protocol: null,
32 verbose parsed url   slashes: null,
32 verbose parsed url   auth: null,
32 verbose parsed url   host: null,
32 verbose parsed url   port: null,
32 verbose parsed url   hostname: null,
32 verbose parsed url   hash: null,
32 verbose parsed url   search: null,
32 verbose parsed url   query: null,
32 verbose parsed url   pathname: '^3.0.0',
32 verbose parsed url   path: '^3.0.0',
32 verbose parsed url   href: '^3.0.0' }
33 verbose addNamed [ 'eslint-plugin-babel', '^3.0.0' ]
34 verbose addNamed [ null, '>=3.0.0-0 <4.0.0-0' ]
35 verbose cache add name="gulp" spec="^3.9.0" args=["gulp","^3.9.0"]
36 verbose parsed url { protocol: null,
36 verbose parsed url   slashes: null,
36 verbose parsed url   auth: null,
36 verbose parsed url   host: null,
36 verbose parsed url   port: null,
36 verbose parsed url   hostname: null,
36 verbose parsed url   hash: null,
36 verbose parsed url   search: null,
36 verbose parsed url   query: null,
36 verbose parsed url   pathname: '^3.9.0',
36 verbose parsed url   path: '^3.9.0',
36 verbose parsed url   href: '^3.9.0' }
37 verbose addNamed [ 'gulp', '^3.9.0' ]
38 verbose addNamed [ null, '>=3.9.0-0 <4.0.0-0' ]
39 verbose cache add [ 'gulp-exclude-gitignore@^1.0.0', null ]
40 verbose cache add name=undefined spec="gulp-exclude-gitignore@^1.0.0" args=["gulp-exclude-gitignore@^1.0.0",null]
41 verbose parsed url { protocol: null,
41 verbose parsed url   slashes: null,
41 verbose parsed url   auth: null,
41 verbose parsed url   host: null,
41 verbose parsed url   port: null,
41 verbose parsed url   hostname: null,
41 verbose parsed url   hash: null,
41 verbose parsed url   search: null,
41 verbose parsed url   query: null,
41 verbose parsed url   pathname: 'gulp-exclude-gitignore@^1.0.0',
41 verbose parsed url   path: 'gulp-exclude-gitignore@^1.0.0',
41 verbose parsed url   href: 'gulp-exclude-gitignore@^1.0.0' }
42 verbose cache add name="gulp-eslint" spec="^1.0.0" args=["gulp-eslint","^1.0.0"]
43 verbose parsed url { protocol: null,
43 verbose parsed url   slashes: null,
43 verbose parsed url   auth: null,
43 verbose parsed url   host: null,
43 verbose parsed url   port: null,
43 verbose parsed url   hostname: null,
43 verbose parsed url   hash: null,
43 verbose parsed url   search: null,
43 verbose parsed url   query: null,
43 verbose parsed url   pathname: '^1.0.0',
43 verbose parsed url   path: '^1.0.0',
43 verbose parsed url   href: '^1.0.0' }
44 verbose addNamed [ 'gulp-eslint', '^1.0.0' ]
45 verbose addNamed [ null, '>=1.0.0-0 <2.0.0-0' ]
46 silly lockFile a2c8c855-eslint-config-xo-space-0-7-0 eslint-config-xo-space@^0.7.0
47 verbose lock eslint-config-xo-space@^0.7.0 /Users/deadlock/.npm/a2c8c855-eslint-config-xo-space-0-7-0.lock
48 silly lockFile a9acc137-babel-eslint-4-1-6 babel-eslint@^4.1.6
49 verbose lock babel-eslint@^4.1.6 /Users/deadlock/.npm/a9acc137-babel-eslint-4-1-6.lock
50 silly lockFile 6ac898bf-eslint-plugin-babel-3-0-0 eslint-plugin-babel@^3.0.0
51 verbose lock eslint-plugin-babel@^3.0.0 /Users/deadlock/.npm/6ac898bf-eslint-plugin-babel-3-0-0.lock
52 silly lockFile a7ccee77-gulp-3-9-0 gulp@^3.9.0
53 verbose lock gulp@^3.9.0 /Users/deadlock/.npm/a7ccee77-gulp-3-9-0.lock
54 silly lockFile 22a519d2-gulp-eslint-1-0-0 gulp-eslint@^1.0.0
55 verbose lock gulp-eslint@^1.0.0 /Users/deadlock/.npm/22a519d2-gulp-eslint-1-0-0.lock
56 verbose cache add [ 'gulp-istanbul@^0.10.3', null ]
57 verbose cache add name=undefined spec="gulp-istanbul@^0.10.3" args=["gulp-istanbul@^0.10.3",null]
58 verbose parsed url { protocol: null,
58 verbose parsed url   slashes: null,
58 verbose parsed url   auth: null,
58 verbose parsed url   host: null,
58 verbose parsed url   port: null,
58 verbose parsed url   hostname: null,
58 verbose parsed url   hash: null,
58 verbose parsed url   search: null,
58 verbose parsed url   query: null,
58 verbose parsed url   pathname: 'gulp-istanbul@^0.10.3',
58 verbose parsed url   path: 'gulp-istanbul@^0.10.3',
58 verbose parsed url   href: 'gulp-istanbul@^0.10.3' }
59 verbose cache add [ 'gulp-mocha@^2.0.0', null ]
60 verbose cache add name=undefined spec="gulp-mocha@^2.0.0" args=["gulp-mocha@^2.0.0",null]
61 verbose parsed url { protocol: null,
61 verbose parsed url   slashes: null,
61 verbose parsed url   auth: null,
61 verbose parsed url   host: null,
61 verbose parsed url   port: null,
61 verbose parsed url   hostname: null,
61 verbose parsed url   hash: null,
61 verbose parsed url   search: null,
61 verbose parsed url   query: null,
61 verbose parsed url   pathname: 'gulp-mocha@^2.0.0',
61 verbose parsed url   path: 'gulp-mocha@^2.0.0',
61 verbose parsed url   href: 'gulp-mocha@^2.0.0' }
62 verbose cache add name="gulp-exclude-gitignore" spec="^1.0.0" args=["gulp-exclude-gitignore","^1.0.0"]
63 verbose parsed url { protocol: null,
63 verbose parsed url   slashes: null,
63 verbose parsed url   auth: null,
63 verbose parsed url   host: null,
63 verbose parsed url   port: null,
63 verbose parsed url   hostname: null,
63 verbose parsed url   hash: null,
63 verbose parsed url   search: null,
63 verbose parsed url   query: null,
63 verbose parsed url   pathname: '^1.0.0',
63 verbose parsed url   path: '^1.0.0',
63 verbose parsed url   href: '^1.0.0' }
64 verbose addNamed [ 'gulp-exclude-gitignore', '^1.0.0' ]
65 verbose addNamed [ null, '>=1.0.0-0 <2.0.0-0' ]
66 silly lockFile 87f42ef6-gulp-exclude-gitignore-1-0-0 gulp-exclude-gitignore@^1.0.0
67 verbose lock gulp-exclude-gitignore@^1.0.0 /Users/deadlock/.npm/87f42ef6-gulp-exclude-gitignore-1-0-0.lock
68 verbose cache add name="gulp-istanbul" spec="^0.10.3" args=["gulp-istanbul","^0.10.3"]
69 verbose parsed url { protocol: null,
69 verbose parsed url   slashes: null,
69 verbose parsed url   auth: null,
69 verbose parsed url   host: null,
69 verbose parsed url   port: null,
69 verbose parsed url   hostname: null,
69 verbose parsed url   hash: null,
69 verbose parsed url   search: null,
69 verbose parsed url   query: null,
69 verbose parsed url   pathname: '^0.10.3',
69 verbose parsed url   path: '^0.10.3',
69 verbose parsed url   href: '^0.10.3' }
70 verbose addNamed [ 'gulp-istanbul', '^0.10.3' ]
71 verbose addNamed [ null, '>=0.10.3-0 <0.11.0-0' ]
72 silly lockFile 9be2969a-gulp-istanbul-0-10-3 gulp-istanbul@^0.10.3
73 verbose lock gulp-istanbul@^0.10.3 /Users/deadlock/.npm/9be2969a-gulp-istanbul-0-10-3.lock
74 verbose cache add [ 'gulp-plumber@^1.0.0', null ]
75 verbose cache add name=undefined spec="gulp-plumber@^1.0.0" args=["gulp-plumber@^1.0.0",null]
76 verbose parsed url { protocol: null,
76 verbose parsed url   slashes: null,
76 verbose parsed url   auth: null,
76 verbose parsed url   host: null,
76 verbose parsed url   port: null,
76 verbose parsed url   hostname: null,
76 verbose parsed url   hash: null,
76 verbose parsed url   search: null,
76 verbose parsed url   query: null,
76 verbose parsed url   pathname: 'gulp-plumber@^1.0.0',
76 verbose parsed url   path: 'gulp-plumber@^1.0.0',
76 verbose parsed url   href: 'gulp-plumber@^1.0.0' }
77 verbose cache add name="gulp-mocha" spec="^2.0.0" args=["gulp-mocha","^2.0.0"]
78 verbose parsed url { protocol: null,
78 verbose parsed url   slashes: null,
78 verbose parsed url   auth: null,
78 verbose parsed url   host: null,
78 verbose parsed url   port: null,
78 verbose parsed url   hostname: null,
78 verbose parsed url   hash: null,
78 verbose parsed url   search: null,
78 verbose parsed url   query: null,
78 verbose parsed url   pathname: '^2.0.0',
78 verbose parsed url   path: '^2.0.0',
78 verbose parsed url   href: '^2.0.0' }
79 verbose addNamed [ 'gulp-mocha', '^2.0.0' ]
80 verbose addNamed [ null, '>=2.0.0-0 <3.0.0-0' ]
81 silly lockFile a8a36098-gulp-mocha-2-0-0 gulp-mocha@^2.0.0
82 verbose lock gulp-mocha@^2.0.0 /Users/deadlock/.npm/a8a36098-gulp-mocha-2-0-0.lock
83 silly addNameRange { name: 'eslint-config-xo-space',
83 silly addNameRange   range: '>=0.7.0-0 <0.8.0-0',
83 silly addNameRange   hasData: false }
84 silly addNameRange { name: 'babel-eslint',
84 silly addNameRange   range: '>=4.1.6-0 <5.0.0-0',
84 silly addNameRange   hasData: false }
85 silly addNameRange { name: 'gulp', range: '>=3.9.0-0 <4.0.0-0', hasData: false }
86 silly addNameRange { name: 'gulp-eslint',
86 silly addNameRange   range: '>=1.0.0-0 <2.0.0-0',
86 silly addNameRange   hasData: false }
87 silly addNameRange { name: 'eslint-plugin-babel',
87 silly addNameRange   range: '>=3.0.0-0 <4.0.0-0',
87 silly addNameRange   hasData: false }
88 verbose cache add [ 'gulp-nsp@^2.1.0', null ]
89 verbose cache add name=undefined spec="gulp-nsp@^2.1.0" args=["gulp-nsp@^2.1.0",null]
90 verbose parsed url { protocol: null,
90 verbose parsed url   slashes: null,
90 verbose parsed url   auth: null,
90 verbose parsed url   host: null,
90 verbose parsed url   port: null,
90 verbose parsed url   hostname: null,
90 verbose parsed url   hash: null,
90 verbose parsed url   search: null,
90 verbose parsed url   query: null,
90 verbose parsed url   pathname: 'gulp-nsp@^2.1.0',
90 verbose parsed url   path: 'gulp-nsp@^2.1.0',
90 verbose parsed url   href: 'gulp-nsp@^2.1.0' }
91 verbose cache add [ 'gulp-babel@^5.1.0', null ]
92 verbose cache add name=undefined spec="gulp-babel@^5.1.0" args=["gulp-babel@^5.1.0",null]
93 verbose parsed url { protocol: null,
93 verbose parsed url   slashes: null,
93 verbose parsed url   auth: null,
93 verbose parsed url   host: null,
93 verbose parsed url   port: null,
93 verbose parsed url   hostname: null,
93 verbose parsed url   hash: null,
93 verbose parsed url   search: null,
93 verbose parsed url   query: null,
93 verbose parsed url   pathname: 'gulp-babel@^5.1.0',
93 verbose parsed url   path: 'gulp-babel@^5.1.0',
93 verbose parsed url   href: 'gulp-babel@^5.1.0' }
94 verbose cache add [ 'del@^2.0.2', null ]
95 verbose cache add name=undefined spec="del@^2.0.2" args=["del@^2.0.2",null]
96 verbose parsed url { protocol: null,
96 verbose parsed url   slashes: null,
96 verbose parsed url   auth: null,
96 verbose parsed url   host: null,
96 verbose parsed url   port: null,
96 verbose parsed url   hostname: null,
96 verbose parsed url   hash: null,
96 verbose parsed url   search: null,
96 verbose parsed url   query: null,
96 verbose parsed url   pathname: 'del@^2.0.2',
96 verbose parsed url   path: 'del@^2.0.2',
96 verbose parsed url   href: 'del@^2.0.2' }
97 verbose cache add [ 'babel-core@^5.5.0', null ]
98 verbose cache add name=undefined spec="babel-core@^5.5.0" args=["babel-core@^5.5.0",null]
99 verbose parsed url { protocol: null,
99 verbose parsed url   slashes: null,
99 verbose parsed url   auth: null,
99 verbose parsed url   host: null,
99 verbose parsed url   port: null,
99 verbose parsed url   hostname: null,
99 verbose parsed url   hash: null,
99 verbose parsed url   search: null,
99 verbose parsed url   query: null,
99 verbose parsed url   pathname: 'babel-core@^5.5.0',
99 verbose parsed url   path: 'babel-core@^5.5.0',
99 verbose parsed url   href: 'babel-core@^5.5.0' }
100 verbose cache add [ 'isparta@^3.0.3', null ]
101 verbose cache add name=undefined spec="isparta@^3.0.3" args=["isparta@^3.0.3",null]
102 verbose parsed url { protocol: null,
102 verbose parsed url   slashes: null,
102 verbose parsed url   auth: null,
102 verbose parsed url   host: null,
102 verbose parsed url   port: null,
102 verbose parsed url   hostname: null,
102 verbose parsed url   hash: null,
102 verbose parsed url   search: null,
102 verbose parsed url   query: null,
102 verbose parsed url   pathname: 'isparta@^3.0.3',
102 verbose parsed url   path: 'isparta@^3.0.3',
102 verbose parsed url   href: 'isparta@^3.0.3' }
103 verbose cache add name="gulp-plumber" spec="^1.0.0" args=["gulp-plumber","^1.0.0"]
104 verbose parsed url { protocol: null,
104 verbose parsed url   slashes: null,
104 verbose parsed url   auth: null,
104 verbose parsed url   host: null,
104 verbose parsed url   port: null,
104 verbose parsed url   hostname: null,
104 verbose parsed url   hash: null,
104 verbose parsed url   search: null,
104 verbose parsed url   query: null,
104 verbose parsed url   pathname: '^1.0.0',
104 verbose parsed url   path: '^1.0.0',
104 verbose parsed url   href: '^1.0.0' }
105 verbose addNamed [ 'gulp-plumber', '^1.0.0' ]
106 verbose addNamed [ null, '>=1.0.0-0 <2.0.0-0' ]
107 silly lockFile 0f2d7e7b-gulp-plumber-1-0-0 gulp-plumber@^1.0.0
108 verbose lock gulp-plumber@^1.0.0 /Users/deadlock/.npm/0f2d7e7b-gulp-plumber-1-0-0.lock
109 silly addNameRange { name: 'gulp-exclude-gitignore',
109 silly addNameRange   range: '>=1.0.0-0 <2.0.0-0',
109 silly addNameRange   hasData: false }
110 verbose request where is /eslint-config-xo-space
111 verbose request registry https://registry.npmjs.org/
112 verbose request id 2e89eccf9a9cf515
113 verbose url raw /eslint-config-xo-space
114 verbose url resolving [ 'https://registry.npmjs.org/', './eslint-config-xo-space' ]
115 verbose url resolved https://registry.npmjs.org/eslint-config-xo-space
116 verbose request where is https://registry.npmjs.org/eslint-config-xo-space
117 info trying registry request attempt 1 at 02:26:22
118 http GET https://registry.npmjs.org/eslint-config-xo-space
119 verbose request where is /babel-eslint
120 verbose request registry https://registry.npmjs.org/
121 verbose url raw /babel-eslint
122 verbose url resolving [ 'https://registry.npmjs.org/', './babel-eslint' ]
123 verbose url resolved https://registry.npmjs.org/babel-eslint
124 verbose request where is https://registry.npmjs.org/babel-eslint
125 info trying registry request attempt 1 at 02:26:22
126 http GET https://registry.npmjs.org/babel-eslint
127 verbose request where is /gulp-eslint
128 verbose request registry https://registry.npmjs.org/
129 verbose url raw /gulp-eslint
130 verbose url resolving [ 'https://registry.npmjs.org/', './gulp-eslint' ]
131 verbose url resolved https://registry.npmjs.org/gulp-eslint
132 verbose request where is https://registry.npmjs.org/gulp-eslint
133 info trying registry request attempt 1 at 02:26:22
134 http GET https://registry.npmjs.org/gulp-eslint
135 verbose request where is /eslint-plugin-babel
136 verbose request registry https://registry.npmjs.org/
137 verbose url raw /eslint-plugin-babel
138 verbose url resolving [ 'https://registry.npmjs.org/', './eslint-plugin-babel' ]
139 verbose url resolved https://registry.npmjs.org/eslint-plugin-babel
140 verbose request where is https://registry.npmjs.org/eslint-plugin-babel
141 info trying registry request attempt 1 at 02:26:22
142 http GET https://registry.npmjs.org/eslint-plugin-babel
143 silly addNameRange { name: 'gulp-istanbul',
143 silly addNameRange   range: '>=0.10.3-0 <0.11.0-0',
143 silly addNameRange   hasData: false }
144 verbose cache add name="gulp-nsp" spec="^2.1.0" args=["gulp-nsp","^2.1.0"]
145 verbose parsed url { protocol: null,
145 verbose parsed url   slashes: null,
145 verbose parsed url   auth: null,
145 verbose parsed url   host: null,
145 verbose parsed url   port: null,
145 verbose parsed url   hostname: null,
145 verbose parsed url   hash: null,
145 verbose parsed url   search: null,
145 verbose parsed url   query: null,
145 verbose parsed url   pathname: '^2.1.0',
145 verbose parsed url   path: '^2.1.0',
145 verbose parsed url   href: '^2.1.0' }
146 verbose addNamed [ 'gulp-nsp', '^2.1.0' ]
147 verbose addNamed [ null, '>=2.1.0-0 <3.0.0-0' ]
148 silly lockFile bce1ea11-gulp-nsp-2-1-0 gulp-nsp@^2.1.0
149 verbose lock gulp-nsp@^2.1.0 /Users/deadlock/.npm/bce1ea11-gulp-nsp-2-1-0.lock
150 verbose cache add name="gulp-babel" spec="^5.1.0" args=["gulp-babel","^5.1.0"]
151 verbose parsed url { protocol: null,
151 verbose parsed url   slashes: null,
151 verbose parsed url   auth: null,
151 verbose parsed url   host: null,
151 verbose parsed url   port: null,
151 verbose parsed url   hostname: null,
151 verbose parsed url   hash: null,
151 verbose parsed url   search: null,
151 verbose parsed url   query: null,
151 verbose parsed url   pathname: '^5.1.0',
151 verbose parsed url   path: '^5.1.0',
151 verbose parsed url   href: '^5.1.0' }
152 verbose addNamed [ 'gulp-babel', '^5.1.0' ]
153 verbose addNamed [ null, '>=5.1.0-0 <6.0.0-0' ]
154 silly lockFile dc3725b4-gulp-babel-5-1-0 gulp-babel@^5.1.0
155 verbose lock gulp-babel@^5.1.0 /Users/deadlock/.npm/dc3725b4-gulp-babel-5-1-0.lock
156 verbose cache add name="del" spec="^2.0.2" args=["del","^2.0.2"]
157 verbose parsed url { protocol: null,
157 verbose parsed url   slashes: null,
157 verbose parsed url   auth: null,
157 verbose parsed url   host: null,
157 verbose parsed url   port: null,
157 verbose parsed url   hostname: null,
157 verbose parsed url   hash: null,
157 verbose parsed url   search: null,
157 verbose parsed url   query: null,
157 verbose parsed url   pathname: '^2.0.2',
157 verbose parsed url   path: '^2.0.2',
157 verbose parsed url   href: '^2.0.2' }
158 verbose addNamed [ 'del', '^2.0.2' ]
159 verbose addNamed [ null, '>=2.0.2-0 <3.0.0-0' ]
160 silly lockFile 99e29636-del-2-0-2 del@^2.0.2
161 verbose lock del@^2.0.2 /Users/deadlock/.npm/99e29636-del-2-0-2.lock
162 verbose cache add name="babel-core" spec="^5.5.0" args=["babel-core","^5.5.0"]
163 verbose parsed url { protocol: null,
163 verbose parsed url   slashes: null,
163 verbose parsed url   auth: null,
163 verbose parsed url   host: null,
163 verbose parsed url   port: null,
163 verbose parsed url   hostname: null,
163 verbose parsed url   hash: null,
163 verbose parsed url   search: null,
163 verbose parsed url   query: null,
163 verbose parsed url   pathname: '^5.5.0',
163 verbose parsed url   path: '^5.5.0',
163 verbose parsed url   href: '^5.5.0' }
164 verbose addNamed [ 'babel-core', '^5.5.0' ]
165 verbose addNamed [ null, '>=5.5.0-0 <6.0.0-0' ]
166 silly lockFile f4de1e6d-babel-core-5-5-0 babel-core@^5.5.0
167 verbose lock babel-core@^5.5.0 /Users/deadlock/.npm/f4de1e6d-babel-core-5-5-0.lock
168 verbose cache add name="isparta" spec="^3.0.3" args=["isparta","^3.0.3"]
169 verbose parsed url { protocol: null,
169 verbose parsed url   slashes: null,
169 verbose parsed url   auth: null,
169 verbose parsed url   host: null,
169 verbose parsed url   port: null,
169 verbose parsed url   hostname: null,
169 verbose parsed url   hash: null,
169 verbose parsed url   search: null,
169 verbose parsed url   query: null,
169 verbose parsed url   pathname: '^3.0.3',
169 verbose parsed url   path: '^3.0.3',
169 verbose parsed url   href: '^3.0.3' }
170 verbose addNamed [ 'isparta', '^3.0.3' ]
171 verbose addNamed [ null, '>=3.0.3-0 <4.0.0-0' ]
172 silly lockFile 070a008b-isparta-3-0-3 isparta@^3.0.3
173 verbose lock isparta@^3.0.3 /Users/deadlock/.npm/070a008b-isparta-3-0-3.lock
174 verbose request where is /gulp-exclude-gitignore
175 verbose request registry https://registry.npmjs.org/
176 verbose url raw /gulp-exclude-gitignore
177 verbose url resolving [ 'https://registry.npmjs.org/', './gulp-exclude-gitignore' ]
178 verbose url resolved https://registry.npmjs.org/gulp-exclude-gitignore
179 verbose request where is https://registry.npmjs.org/gulp-exclude-gitignore
180 info trying registry request attempt 1 at 02:26:22
181 http GET https://registry.npmjs.org/gulp-exclude-gitignore
182 silly addNameRange { name: 'gulp-mocha',
182 silly addNameRange   range: '>=2.0.0-0 <3.0.0-0',
182 silly addNameRange   hasData: false }
183 info retry will retry, error on last attempt: Error: getaddrinfo ENOTFOUND
184 info retry will retry, error on last attempt: Error: getaddrinfo ENOTFOUND
185 info retry will retry, error on last attempt: Error: getaddrinfo ENOTFOUND
186 verbose request where is /gulp-istanbul
187 verbose request registry https://registry.npmjs.org/
188 verbose url raw /gulp-istanbul
189 verbose url resolving [ 'https://registry.npmjs.org/', './gulp-istanbul' ]
190 verbose url resolved https://registry.npmjs.org/gulp-istanbul
191 verbose request where is https://registry.npmjs.org/gulp-istanbul
192 info trying registry request attempt 1 at 02:26:22
193 http GET https://registry.npmjs.org/gulp-istanbul
194 info retry will retry, error on last attempt: Error: getaddrinfo ENOTFOUND
195 silly addNameRange { name: 'gulp-plumber',
195 silly addNameRange   range: '>=1.0.0-0 <2.0.0-0',
195 silly addNameRange   hasData: false }
196 verbose request where is /gulp-mocha
197 verbose request registry https://registry.npmjs.org/
198 verbose url raw /gulp-mocha
199 verbose url resolving [ 'https://registry.npmjs.org/', './gulp-mocha' ]
200 verbose url resolved https://registry.npmjs.org/gulp-mocha
201 verbose request where is https://registry.npmjs.org/gulp-mocha
202 info trying registry request attempt 1 at 02:26:22
203 http GET https://registry.npmjs.org/gulp-mocha
204 info retry will retry, error on last attempt: Error: getaddrinfo ENOTFOUND
205 silly addNameRange { name: 'gulp-nsp', range: '>=2.1.0-0 <3.0.0-0', hasData: false }
206 silly addNameRange { name: 'gulp-babel',
206 silly addNameRange   range: '>=5.1.0-0 <6.0.0-0',
206 silly addNameRange   hasData: false }
207 info retry will retry, error on last attempt: Error: getaddrinfo ENOTFOUND
208 verbose request where is /gulp-plumber
209 verbose request registry https://registry.npmjs.org/
210 verbose url raw /gulp-plumber
211 verbose url resolving [ 'https://registry.npmjs.org/', './gulp-plumber' ]
212 verbose url resolved https://registry.npmjs.org/gulp-plumber
213 verbose request where is https://registry.npmjs.org/gulp-plumber
214 info trying registry request attempt 1 at 02:26:22
215 http GET https://registry.npmjs.org/gulp-plumber
216 silly addNameRange { name: 'del', range: '>=2.0.2-0 <3.0.0-0', hasData: false }
217 silly addNameRange { name: 'babel-core',
217 silly addNameRange   range: '>=5.5.0-0 <6.0.0-0',
217 silly addNameRange   hasData: false }
218 silly addNameRange { name: 'isparta', range: '>=3.0.3-0 <4.0.0-0', hasData: false }
219 info retry will retry, error on last attempt: Error: getaddrinfo ENOTFOUND
220 verbose request where is /gulp-nsp
221 verbose request registry https://registry.npmjs.org/
222 verbose url raw /gulp-nsp
223 verbose url resolving [ 'https://registry.npmjs.org/', './gulp-nsp' ]
224 verbose url resolved https://registry.npmjs.org/gulp-nsp
225 verbose request where is https://registry.npmjs.org/gulp-nsp
226 info trying registry request attempt 1 at 02:26:22
227 http GET https://registry.npmjs.org/gulp-nsp
228 info retry will retry, error on last attempt: Error: getaddrinfo ENOTFOUND
229 verbose request where is /del
230 verbose request registry https://registry.npmjs.org/
231 verbose url raw /del
232 verbose url resolving [ 'https://registry.npmjs.org/', './del' ]
233 verbose url resolved https://registry.npmjs.org/del
234 verbose request where is https://registry.npmjs.org/del
235 info trying registry request attempt 1 at 02:26:22
236 http GET https://registry.npmjs.org/del
237 verbose request where is /isparta
238 verbose request registry https://registry.npmjs.org/
239 verbose url raw /isparta
240 verbose url resolving [ 'https://registry.npmjs.org/', './isparta' ]
241 verbose url resolved https://registry.npmjs.org/isparta
242 verbose request where is https://registry.npmjs.org/isparta
243 info trying registry request attempt 1 at 02:26:22
244 http GET https://registry.npmjs.org/isparta
245 verbose request where is /gulp
246 verbose request registry https://registry.npmjs.org/
247 verbose url raw /gulp
248 verbose url resolving [ 'https://registry.npmjs.org/', './gulp' ]
249 verbose url resolved https://registry.npmjs.org/gulp
250 verbose request where is https://registry.npmjs.org/gulp
251 info trying registry request attempt 1 at 02:26:22
252 verbose etag "82D6JI3LDTYZZLDCRJZIZPBY7"
253 http GET https://registry.npmjs.org/gulp
254 info retry will retry, error on last attempt: Error: getaddrinfo ENOTFOUND
255 info retry will retry, error on last attempt: Error: getaddrinfo ENOTFOUND
256 info retry will retry, error on last attempt: Error: getaddrinfo ENOTFOUND
257 info retry will retry, error on last attempt: Error: getaddrinfo ENOTFOUND
258 verbose request where is /gulp-babel
259 verbose request registry https://registry.npmjs.org/
260 verbose url raw /gulp-babel
261 verbose url resolving [ 'https://registry.npmjs.org/', './gulp-babel' ]
262 verbose url resolved https://registry.npmjs.org/gulp-babel
263 verbose request where is https://registry.npmjs.org/gulp-babel
264 info trying registry request attempt 1 at 02:26:22
265 verbose etag "69QNNRRXG79403NBXRGMRB8CL"
266 http GET https://registry.npmjs.org/gulp-babel
267 verbose request where is /babel-core
268 verbose request registry https://registry.npmjs.org/
269 verbose url raw /babel-core
270 verbose url resolving [ 'https://registry.npmjs.org/', './babel-core' ]
271 verbose url resolved https://registry.npmjs.org/babel-core
272 verbose request where is https://registry.npmjs.org/babel-core
273 info trying registry request attempt 1 at 02:26:22
274 verbose etag "EDIHXIONK5E7F8WOUUNUTIN2K"
275 http GET https://registry.npmjs.org/babel-core
276 info retry will retry, error on last attempt: Error: getaddrinfo ENOTFOUND
277 info retry will retry, error on last attempt: Error: getaddrinfo ENOTFOUND
278 info trying registry request attempt 2 at 02:26:32
279 http GET https://registry.npmjs.org/gulp-eslint
280 info retry will retry, error on last attempt: Error: getaddrinfo ENOTFOUND
281 info trying registry request attempt 2 at 02:26:32
282 http GET https://registry.npmjs.org/eslint-plugin-babel
283 info trying registry request attempt 2 at 02:26:32
284 http GET https://registry.npmjs.org/eslint-config-xo-space
285 info retry will retry, error on last attempt: Error: getaddrinfo ENOTFOUND
286 info retry will retry, error on last attempt: Error: getaddrinfo ENOTFOUND
287 info trying registry request attempt 2 at 02:26:32
288 http GET https://registry.npmjs.org/babel-eslint
289 info retry will retry, error on last attempt: Error: getaddrinfo ENOTFOUND
290 info trying registry request attempt 2 at 02:26:32
291 http GET https://registry.npmjs.org/gulp-exclude-gitignore
292 info trying registry request attempt 2 at 02:26:32
293 http GET https://registry.npmjs.org/gulp-istanbul
294 info retry will retry, error on last attempt: Error: getaddrinfo ENOTFOUND
295 info retry will retry, error on last attempt: Error: getaddrinfo ENOTFOUND
296 info trying registry request attempt 2 at 02:26:32
297 http GET https://registry.npmjs.org/gulp-mocha
298 info retry will retry, error on last attempt: Error: getaddrinfo ENOTFOUND
299 info trying registry request attempt 2 at 02:26:32
300 http GET https://registry.npmjs.org/gulp-plumber
301 info retry will retry, error on last attempt: Error: getaddrinfo ENOTFOUND
302 info trying registry request attempt 2 at 02:26:32
303 http GET https://registry.npmjs.org/gulp-nsp
304 info trying registry request attempt 2 at 02:26:32
305 http GET https://registry.npmjs.org/del
306 info trying registry request attempt 2 at 02:26:32
307 http GET https://registry.npmjs.org/isparta
308 info trying registry request attempt 2 at 02:26:32
309 verbose etag "82D6JI3LDTYZZLDCRJZIZPBY7"
310 http GET https://registry.npmjs.org/gulp
311 info retry will retry, error on last attempt: Error: getaddrinfo ENOTFOUND
312 info retry will retry, error on last attempt: Error: getaddrinfo ENOTFOUND
313 info retry will retry, error on last attempt: Error: getaddrinfo ENOTFOUND
314 info retry will retry, error on last attempt: Error: getaddrinfo ENOTFOUND
315 info trying registry request attempt 2 at 02:26:32
316 verbose etag "69QNNRRXG79403NBXRGMRB8CL"
317 http GET https://registry.npmjs.org/gulp-babel
318 info retry will retry, error on last attempt: Error: getaddrinfo ENOTFOUND
319 info trying registry request attempt 2 at 02:26:32
320 verbose etag "EDIHXIONK5E7F8WOUUNUTIN2K"
321 http GET https://registry.npmjs.org/babel-core
322 info retry will retry, error on last attempt: Error: getaddrinfo ENOTFOUND
323 info trying registry request attempt 3 at 02:27:32
324 http GET https://registry.npmjs.org/gulp-eslint
325 info trying registry request attempt 3 at 02:27:32
326 http GET https://registry.npmjs.org/eslint-plugin-babel
327 info trying registry request attempt 3 at 02:27:32
328 http GET https://registry.npmjs.org/eslint-config-xo-space
329 info trying registry request attempt 3 at 02:27:32
330 http GET https://registry.npmjs.org/babel-eslint
331 info trying registry request attempt 3 at 02:27:32
332 http GET https://registry.npmjs.org/gulp-exclude-gitignore
333 info trying registry request attempt 3 at 02:27:32
334 http GET https://registry.npmjs.org/gulp-istanbul
335 info trying registry request attempt 3 at 02:27:32
336 http GET https://registry.npmjs.org/gulp-mocha
337 info trying registry request attempt 3 at 02:27:32
338 http GET https://registry.npmjs.org/gulp-plumber
339 info trying registry request attempt 3 at 02:27:32
340 http GET https://registry.npmjs.org/del
341 info trying registry request attempt 3 at 02:27:32
342 http GET https://registry.npmjs.org/gulp-nsp
343 info trying registry request attempt 3 at 02:27:32
344 http GET https://registry.npmjs.org/isparta
345 info trying registry request attempt 3 at 02:27:32
346 verbose etag "82D6JI3LDTYZZLDCRJZIZPBY7"
347 http GET https://registry.npmjs.org/gulp
348 info trying registry request attempt 3 at 02:27:32
349 verbose etag "69QNNRRXG79403NBXRGMRB8CL"
350 http GET https://registry.npmjs.org/gulp-babel
351 info trying registry request attempt 3 at 02:27:32
352 verbose etag "EDIHXIONK5E7F8WOUUNUTIN2K"
353 http GET https://registry.npmjs.org/babel-core
354 silly lockFile 6ac898bf-eslint-plugin-babel-3-0-0 eslint-plugin-babel@^3.0.0
355 silly lockFile 6ac898bf-eslint-plugin-babel-3-0-0 eslint-plugin-babel@^3.0.0
356 silly lockFile a9acc137-babel-eslint-4-1-6 babel-eslint@^4.1.6
357 silly lockFile a9acc137-babel-eslint-4-1-6 babel-eslint@^4.1.6
358 silly lockFile a2c8c855-eslint-config-xo-space-0-7-0 eslint-config-xo-space@^0.7.0
359 silly lockFile a2c8c855-eslint-config-xo-space-0-7-0 eslint-config-xo-space@^0.7.0
360 silly lockFile 22a519d2-gulp-eslint-1-0-0 gulp-eslint@^1.0.0
361 silly lockFile 22a519d2-gulp-eslint-1-0-0 gulp-eslint@^1.0.0
362 silly lockFile 87f42ef6-gulp-exclude-gitignore-1-0-0 gulp-exclude-gitignore@^1.0.0
363 silly lockFile 87f42ef6-gulp-exclude-gitignore-1-0-0 gulp-exclude-gitignore@^1.0.0
364 silly lockFile 9be2969a-gulp-istanbul-0-10-3 gulp-istanbul@^0.10.3
365 silly lockFile 9be2969a-gulp-istanbul-0-10-3 gulp-istanbul@^0.10.3
366 silly lockFile a8a36098-gulp-mocha-2-0-0 gulp-mocha@^2.0.0
367 silly lockFile a8a36098-gulp-mocha-2-0-0 gulp-mocha@^2.0.0
368 silly lockFile 0f2d7e7b-gulp-plumber-1-0-0 gulp-plumber@^1.0.0
369 silly lockFile 0f2d7e7b-gulp-plumber-1-0-0 gulp-plumber@^1.0.0
370 silly lockFile 99e29636-del-2-0-2 del@^2.0.2
371 silly lockFile 99e29636-del-2-0-2 del@^2.0.2
372 silly lockFile bce1ea11-gulp-nsp-2-1-0 gulp-nsp@^2.1.0
373 silly lockFile bce1ea11-gulp-nsp-2-1-0 gulp-nsp@^2.1.0
374 silly lockFile 070a008b-isparta-3-0-3 isparta@^3.0.3
375 silly lockFile 070a008b-isparta-3-0-3 isparta@^3.0.3
376 silly registry.get cb [ 304, undefined ]
377 verbose etag https://registry.npmjs.org/gulp from cache
378 silly registry.get cb [ 304, undefined ]
379 verbose etag https://registry.npmjs.org/gulp-babel from cache
380 silly registry.get cb [ 304, undefined ]
381 verbose etag https://registry.npmjs.org/babel-core from cache
382 silly addNameRange number 2 { name: 'gulp-babel',
382 silly addNameRange   range: '>=5.1.0-0 <6.0.0-0',
382 silly addNameRange   hasData: true }
383 silly addNameRange versions [ 'gulp-babel',
383 silly addNameRange   [ '4.0.0',
383 silly addNameRange     '4.0.1',
383 silly addNameRange     '5.0.0',
383 silly addNameRange     '5.1.0',
383 silly addNameRange     '5.2.0',
383 silly addNameRange     '5.2.1',
383 silly addNameRange     '5.3.0',
383 silly addNameRange     '6.0.0',
383 silly addNameRange     '6.1.0',
383 silly addNameRange     '6.1.1',
383 silly addNameRange     '6.1.2' ] ]
384 verbose addNamed [ 'gulp-babel', '5.3.0' ]
385 verbose addNamed [ '5.3.0', '5.3.0' ]
386 silly lockFile e8222b6c-gulp-babel-5-3-0 gulp-babel@5.3.0
387 verbose lock gulp-babel@5.3.0 /Users/deadlock/.npm/e8222b6c-gulp-babel-5-3-0.lock
388 silly addNameRange number 2 { name: 'gulp', range: '>=3.9.0-0 <4.0.0-0', hasData: true }
389 silly addNameRange versions [ 'gulp',
389 silly addNameRange   [ '0.0.1',
389 silly addNameRange     '0.0.2',
389 silly addNameRange     '0.0.3',
389 silly addNameRange     '0.0.4',
389 silly addNameRange     '0.0.5',
389 silly addNameRange     '0.0.7',
389 silly addNameRange     '0.0.8',
389 silly addNameRange     '0.0.9',
389 silly addNameRange     '0.1.0',
389 silly addNameRange     '0.2.0',
389 silly addNameRange     '1.0.0',
389 silly addNameRange     '1.1.0',
389 silly addNameRange     '1.2.0',
389 silly addNameRange     '1.2.1',
389 silly addNameRange     '2.0.0',
389 silly addNameRange     '2.0.1',
389 silly addNameRange     '2.1.0',
389 silly addNameRange     '2.2.0',
389 silly addNameRange     '2.3.0',
389 silly addNameRange     '2.4.0',
389 silly addNameRange     '2.4.1',
389 silly addNameRange     '2.6.0',
389 silly addNameRange     '2.6.1',
389 silly addNameRange     '2.7.0',
389 silly addNameRange     '3.0.0',
389 silly addNameRange     '3.1.1',
389 silly addNameRange     '3.1.2',
389 silly addNameRange     '3.1.3',
389 silly addNameRange     '3.1.4',
389 silly addNameRange     '3.2.0',
389 silly addNameRange     '3.2.1',
389 silly addNameRange     '3.2.2',
389 silly addNameRange     '3.2.3',
389 silly addNameRange     '3.2.4',
389 silly addNameRange     '3.2.5',
389 silly addNameRange     '3.3.0',
389 silly addNameRange     '3.3.1',
389 silly addNameRange     '3.3.2',
389 silly addNameRange     '3.3.4',
389 silly addNameRange     '3.4.0',
389 silly addNameRange     '3.5.0',
389 silly addNameRange     '3.5.1',
389 silly addNameRange     '3.5.2',
389 silly addNameRange     '3.5.5',
389 silly addNameRange     '3.5.6',
389 silly addNameRange     '3.6.0',
389 silly addNameRange     '3.6.1',
389 silly addNameRange     '3.6.2',
389 silly addNameRange     '3.7.0',
389 silly addNameRange     '3.8.0',
389 silly addNameRange     '3.8.1',
389 silly addNameRange     '3.8.2',
389 silly addNameRange     '3.8.3',
389 silly addNameRange     '3.8.4',
389 silly addNameRange     '3.8.5',
389 silly addNameRange     '3.8.6',
389 silly addNameRange     '3.8.7',
389 silly addNameRange     '3.8.8',
389 silly addNameRange     '3.8.9',
389 silly addNameRange     '3.8.10',
389 silly addNameRange     '3.8.11',
389 silly addNameRange     '3.9.0' ] ]
390 verbose addNamed [ 'gulp', '3.9.0' ]
391 verbose addNamed [ '3.9.0', '3.9.0' ]
392 silly lockFile c2697a61-gulp-3-9-0 gulp@3.9.0
393 verbose lock gulp@3.9.0 /Users/deadlock/.npm/c2697a61-gulp-3-9-0.lock
394 silly addNameRange number 2 { name: 'babel-core',
394 silly addNameRange   range: '>=5.5.0-0 <6.0.0-0',
394 silly addNameRange   hasData: true }
395 silly addNameRange versions [ 'babel-core',
395 silly addNameRange   [ '4.0.1',
395 silly addNameRange     '4.0.2',
395 silly addNameRange     '4.1.1',
395 silly addNameRange     '4.2.0',
395 silly addNameRange     '4.2.1',
395 silly addNameRange     '4.3.0',
395 silly addNameRange     '4.4.1',
395 silly addNameRange     '4.4.2',
395 silly addNameRange     '4.4.3',
395 silly addNameRange     '4.4.4',
395 silly addNameRange     '4.4.5',
395 silly addNameRange     '4.4.6',
395 silly addNameRange     '4.5.0',
395 silly addNameRange     '4.5.1',
395 silly addNameRange     '4.5.2',
395 silly addNameRange     '4.5.3',
395 silly addNameRange     '4.5.4',
395 silly addNameRange     '4.5.5',
395 silly addNameRange     '4.6.0',
395 silly addNameRange     '4.6.1',
395 silly addNameRange     '4.6.3',
395 silly addNameRange     '4.6.4',
395 silly addNameRange     '4.6.5',
395 silly addNameRange     '4.6.6',
395 silly addNameRange     '4.7.0',
395 silly addNameRange     '4.7.1',
395 silly addNameRange     '4.7.2',
395 silly addNameRange     '4.7.3',
395 silly addNameRange     '4.7.4',
395 silly addNameRange     '4.7.5',
395 silly addNameRange     '4.7.6',
395 silly addNameRange     '4.7.7',
395 silly addNameRange     '4.7.8',
395 silly addNameRange     '4.7.9',
395 silly addNameRange     '4.7.10',
395 silly addNameRange     '4.7.11',
395 silly addNameRange     '4.7.12',
395 silly addNameRange     '4.7.13',
395 silly addNameRange     '4.7.14',
395 silly addNameRange     '4.7.15',
395 silly addNameRange     '4.7.16',
395 silly addNameRange     '5.0.0-beta2',
395 silly addNameRange     '5.0.0-beta3',
395 silly addNameRange     '5.0.0-beta4',
395 silly addNameRange     '5.0.0',
395 silly addNameRange     '5.0.1',
395 silly addNameRange     '5.0.2',
395 silly addNameRange     '5.0.3',
395 silly addNameRange     '5.0.4',
395 silly addNameRange     '5.0.5',
395 silly addNameRange     '5.0.6',
395 silly addNameRange     '5.0.7',
395 silly addNameRange     '5.0.8',
395 silly addNameRange     '5.0.9',
395 silly addNameRange     '5.0.10',
395 silly addNameRange     '5.0.11',
395 silly addNameRange     '5.0.12',
395 silly addNameRange     '5.0.13',
395 silly addNameRange     '5.1.0',
395 silly addNameRange     '5.1.1',
395 silly addNameRange     '5.1.2',
395 silly addNameRange     '5.1.3',
395 silly addNameRange     '5.1.4',
395 silly addNameRange     '5.1.5',
395 silly addNameRange     '5.1.6',
395 silly addNameRange     '5.1.7',
395 silly addNameRange     '5.1.8',
395 silly addNameRange     '5.1.9',
395 silly addNameRange     '5.1.10',
395 silly addNameRange     '5.1.11',
395 silly addNameRange     '5.1.12',
395 silly addNameRange     '5.1.13',
395 silly addNameRange     '5.2.0',
395 silly addNameRange     '5.2.1',
395 silly addNameRange     '5.2.2',
395 silly addNameRange     '5.2.3',
395 silly addNameRange     '5.2.4',
395 silly addNameRange     '5.2.5',
395 silly addNameRange     '5.2.6',
395 silly addNameRange     '5.2.7',
395 silly addNameRange     '5.2.9',
395 silly addNameRange     '5.2.10',
395 silly addNameRange     '5.2.11',
395 silly addNameRange     '5.2.12',
395 silly addNameRange     '5.2.13',
395 silly addNameRange     '5.2.14',
395 silly addNameRange     '5.2.15',
395 silly addNameRange     '5.2.16',
395 silly addNameRange     '5.2.17',
395 silly addNameRange     '5.3.0',
395 silly addNameRange     '5.3.1',
395 silly addNameRange     '5.3.2',
395 silly addNameRange     '5.3.3',
395 silly addNameRange     '5.4.0',
395 silly addNameRange     '5.4.1',
395 silly addNameRange     '5.4.2',
395 silly addNameRange     '5.4.3',
395 silly addNameRange     '5.4.4',
395 silly addNameRange     '5.4.5',
395 silly addNameRange     '5.4.6',
395 silly addNameRange     '5.4.7',
395 silly addNameRange     '5.5.0',
395 silly addNameRange     '5.5.1',
395 silly addNameRange     '5.5.2',
395 silly addNameRange     '5.5.3',
395 silly addNameRange     '5.5.4',
395 silly addNameRange     '5.5.5',
395 silly addNameRange     '5.5.6',
395 silly addNameRange     '5.5.7',
395 silly addNameRange     '5.5.8',
395 silly addNameRange     '5.6.1',
395 silly addNameRange     '5.6.2',
395 silly addNameRange     '5.6.3',
395 silly addNameRange     '5.6.4',
395 silly addNameRange     '5.6.5',
395 silly addNameRange     '5.6.6',
395 silly addNameRange     '5.6.7',
395 silly addNameRange     '5.6.10',
395 silly addNameRange     '5.6.11',
395 silly addNameRange     '5.6.12',
395 silly addNameRange     '5.6.14',
395 silly addNameRange     '5.6.15',
395 silly addNameRange     '5.6.16',
395 silly addNameRange     '5.6.18',
395 silly addNameRange     '5.6.19',
395 silly addNameRange     '5.6.20',
395 silly addNameRange     '5.7.0',
395 silly addNameRange     '5.7.1',
395 silly addNameRange     '5.7.2',
395 silly addNameRange     '5.7.3',
395 silly addNameRange     '5.7.4',
395 silly addNameRange     '5.8.1',
395 silly addNameRange     '5.8.2',
395 silly addNameRange     '5.8.3',
395 silly addNameRange     '5.8.5',
395 silly addNameRange     '5.8.6',
395 silly addNameRange     '5.8.8',
395 silly addNameRange     '5.8.9',
395 silly addNameRange     '5.8.12',
395 silly addNameRange     '5.8.14',
395 silly addNameRange     '5.8.19',
395 silly addNameRange     '5.8.20',
395 silly addNameRange     '5.8.21',
395 silly addNameRange     '5.8.22',
395 silly addNameRange     '5.8.23',
395 silly addNameRange     '5.8.24',
395 silly addNameRange     '5.8.25',
395 silly addNameRange     '5.8.29',
395 silly addNameRange     '5.8.30',
395 silly addNameRange     '5.8.31',
395 silly addNameRange     '5.8.32',
395 silly addNameRange     '5.8.33',
395 silly addNameRange     '6.0.0',
395 silly addNameRange     '6.0.1',
395 silly addNameRange     '6.0.2',
395 silly addNameRange     '6.0.12',
395 silly addNameRange     '6.0.14',
395 silly addNameRange     '6.0.15',
395 silly addNameRange     '6.0.16',
395 silly addNameRange     '6.0.17',
395 silly addNameRange     '6.0.18',
395 silly addNameRange     '6.0.19',
395 silly addNameRange     '6.0.20',
395 silly addNameRange     '6.1.2',
395 silly addNameRange     '6.1.4',
395 silly addNameRange     '5.8.34',
395 silly addNameRange     '6.1.5',
395 silly addNameRange     '6.1.6',
395 silly addNameRange     '6.1.7',
395 silly addNameRange     '6.1.8',
395 silly addNameRange     '6.1.9',
395 silly addNameRange     '6.1.10',
395 silly addNameRange     '6.1.11',
395 silly addNameRange     '6.1.12',
395 silly addNameRange     '6.1.13',
395 silly addNameRange     '6.1.14',
395 silly addNameRange     '6.1.15',
395 silly addNameRange     '6.1.16',
395 silly addNameRange     '6.1.17',
395 silly addNameRange     '6.1.18',
395 silly addNameRange     '6.1.19',
395 silly addNameRange     '6.1.20',
395 silly addNameRange     '6.1.21',
395 silly addNameRange     '6.2.0',
395 silly addNameRange     '6.2.1',
395 silly addNameRange     '6.2.4',
395 silly addNameRange     '6.3.2',
395 silly addNameRange     '6.3.13',
395 silly addNameRange     '6.3.15',
395 silly addNameRange     '6.3.17',
395 silly addNameRange     '6.3.21',
395 silly addNameRange     '6.3.26',
395 silly addNameRange     '6.4.0',
395 silly addNameRange     '6.4.5',
395 silly addNameRange     '5.8.35' ] ]
396 verbose addNamed [ 'babel-core', '5.8.35' ]
397 verbose addNamed [ '5.8.35', '5.8.35' ]
398 silly lockFile a7625064-babel-core-5-8-35 babel-core@5.8.35
399 verbose lock babel-core@5.8.35 /Users/deadlock/.npm/a7625064-babel-core-5-8-35.lock
400 silly lockFile 1908a18f--gulp-babel-gulp-babel-5-3-0-tgz https://registry.npmjs.org/gulp-babel/-/gulp-babel-5.3.0.tgz
401 verbose lock https://registry.npmjs.org/gulp-babel/-/gulp-babel-5.3.0.tgz /Users/deadlock/.npm/1908a18f--gulp-babel-gulp-babel-5-3-0-tgz.lock
402 silly lockFile 1a6d4c74-babel-core-babel-core-5-8-35-tgz https://registry.npmjs.org/babel-core/-/babel-core-5.8.35.tgz
403 verbose lock https://registry.npmjs.org/babel-core/-/babel-core-5.8.35.tgz /Users/deadlock/.npm/1a6d4c74-babel-core-babel-core-5-8-35-tgz.lock
404 verbose addRemoteTarball [ 'https://registry.npmjs.org/gulp-babel/-/gulp-babel-5.3.0.tgz',
404 verbose addRemoteTarball   '186958624c0c78660ad6a512f4235fc8886d2c1b' ]
405 verbose addRemoteTarball [ 'https://registry.npmjs.org/babel-core/-/babel-core-5.8.35.tgz',
405 verbose addRemoteTarball   '9d27c5f7199a400cc426ce1f6fac149065ea14bf' ]
406 silly lockFile c2697a61-gulp-3-9-0 gulp@3.9.0
407 silly lockFile c2697a61-gulp-3-9-0 gulp@3.9.0
408 silly lockFile a7ccee77-gulp-3-9-0 gulp@^3.9.0
409 silly lockFile a7ccee77-gulp-3-9-0 gulp@^3.9.0
410 info retry fetch attempt 1 at 02:27:33
411 verbose fetch to= /var/folders/xk/bm7glb_j30100_n03y4yrq1m0000gn/T/npm-1311-YDkpx3-D/registry.npmjs.org/babel-core/-/babel-core-5.8.35.tgz
412 info retry fetch attempt 1 at 02:27:33
413 verbose fetch to= /var/folders/xk/bm7glb_j30100_n03y4yrq1m0000gn/T/npm-1311-YDkpx3-D/registry.npmjs.org/gulp-babel/-/gulp-babel-5.3.0.tgz
414 http GET https://registry.npmjs.org/babel-core/-/babel-core-5.8.35.tgz
415 http GET https://registry.npmjs.org/gulp-babel/-/gulp-babel-5.3.0.tgz
416 error fetch failed https://registry.npmjs.org/babel-core/-/babel-core-5.8.35.tgz
417 info retry will retry, error on last attempt: Error: getaddrinfo ENOTFOUND
418 error fetch failed https://registry.npmjs.org/gulp-babel/-/gulp-babel-5.3.0.tgz
419 info retry will retry, error on last attempt: Error: getaddrinfo ENOTFOUND
420 info retry fetch attempt 2 at 02:27:43
421 verbose fetch to= /var/folders/xk/bm7glb_j30100_n03y4yrq1m0000gn/T/npm-1311-YDkpx3-D/registry.npmjs.org/babel-core/-/babel-core-5.8.35.tgz
422 info retry fetch attempt 2 at 02:27:43
423 verbose fetch to= /var/folders/xk/bm7glb_j30100_n03y4yrq1m0000gn/T/npm-1311-YDkpx3-D/registry.npmjs.org/gulp-babel/-/gulp-babel-5.3.0.tgz
424 http GET https://registry.npmjs.org/babel-core/-/babel-core-5.8.35.tgz
425 http GET https://registry.npmjs.org/gulp-babel/-/gulp-babel-5.3.0.tgz
426 error fetch failed https://registry.npmjs.org/babel-core/-/babel-core-5.8.35.tgz
427 info retry will retry, error on last attempt: Error: getaddrinfo ENOTFOUND
428 error fetch failed https://registry.npmjs.org/gulp-babel/-/gulp-babel-5.3.0.tgz
429 info retry will retry, error on last attempt: Error: getaddrinfo ENOTFOUND
430 info retry fetch attempt 3 at 02:28:43
431 verbose fetch to= /var/folders/xk/bm7glb_j30100_n03y4yrq1m0000gn/T/npm-1311-YDkpx3-D/registry.npmjs.org/babel-core/-/babel-core-5.8.35.tgz
432 info retry fetch attempt 3 at 02:28:43
433 verbose fetch to= /var/folders/xk/bm7glb_j30100_n03y4yrq1m0000gn/T/npm-1311-YDkpx3-D/registry.npmjs.org/gulp-babel/-/gulp-babel-5.3.0.tgz
434 http GET https://registry.npmjs.org/babel-core/-/babel-core-5.8.35.tgz
435 http GET https://registry.npmjs.org/gulp-babel/-/gulp-babel-5.3.0.tgz
436 error fetch failed https://registry.npmjs.org/gulp-babel/-/gulp-babel-5.3.0.tgz
437 silly lockFile 1908a18f--gulp-babel-gulp-babel-5-3-0-tgz https://registry.npmjs.org/gulp-babel/-/gulp-babel-5.3.0.tgz
438 silly lockFile 1908a18f--gulp-babel-gulp-babel-5-3-0-tgz https://registry.npmjs.org/gulp-babel/-/gulp-babel-5.3.0.tgz
439 error fetch failed https://registry.npmjs.org/babel-core/-/babel-core-5.8.35.tgz
440 silly lockFile 1a6d4c74-babel-core-babel-core-5-8-35-tgz https://registry.npmjs.org/babel-core/-/babel-core-5.8.35.tgz
441 silly lockFile 1a6d4c74-babel-core-babel-core-5-8-35-tgz https://registry.npmjs.org/babel-core/-/babel-core-5.8.35.tgz
442 silly lockFile e8222b6c-gulp-babel-5-3-0 gulp-babel@5.3.0
443 silly lockFile e8222b6c-gulp-babel-5-3-0 gulp-babel@5.3.0
444 silly lockFile a7625064-babel-core-5-8-35 babel-core@5.8.35
445 silly lockFile a7625064-babel-core-5-8-35 babel-core@5.8.35
446 silly lockFile dc3725b4-gulp-babel-5-1-0 gulp-babel@^5.1.0
447 silly lockFile dc3725b4-gulp-babel-5-1-0 gulp-babel@^5.1.0
448 silly lockFile f4de1e6d-babel-core-5-5-0 babel-core@^5.5.0
449 silly lockFile f4de1e6d-babel-core-5-5-0 babel-core@^5.5.0
450 error network getaddrinfo ENOTFOUND
450 error network This is most likely not a problem with npm itself
450 error network and is related to network connectivity.
450 error network In most cases you are behind a proxy or have bad network settings.
450 error network
450 error network If you are behind a proxy, please make sure that the
450 error network 'proxy' config is set properly.  See: 'npm help config'
451 error System Darwin 15.0.0
452 error command "/Users/deadlock/.nvm/v0.10.35/bin/node" "/Users/deadlock/.nvm/v0.10.35/bin/npm" "install"
453 error cwd /Users/deadlock/code/freelancing/unificationengine/unificationengine-client
454 error node -v v0.10.35
455 error npm -v 1.4.28
456 error syscall getaddrinfo
457 error code ENOTFOUND
458 error errno ENOTFOUND
459 verbose exit [ 1, true ]
